[0.297s] DEBUG:colcon:Command line arguments: ['/usr/bin/colcon', 'list', '-p', '--base-paths', '/home/toyat/Documents/MIT/Arcturus/moos-ivp-arcturus']
[0.297s] DEBUG:colcon:Parsed command line arguments: Namespace(log_base=None, log_level=None, verb_name='list', build_base='build', ignore_user_meta=False, metas=['./colcon.meta'], base_paths=['/home/toyat/Documents/MIT/Arcturus/moos-ivp-arcturus'], packages_ignore=None, packages_ignore_regex=None, paths=None, packages_up_to=None, packages_up_to_regex=None, packages_above=None, packages_above_and_dependencies=None, packages_above_depth=None, packages_select_by_dep=None, packages_skip_by_dep=None, packages_skip_up_to=None, packages_select_build_failed=False, packages_skip_build_finished=False, packages_select_test_failures=False, packages_skip_test_passed=False, packages_select=None, packages_skip=None, packages_select_regex=None, packages_skip_regex=None, packages_start=None, packages_end=None, allow_overriding=[], topological_order=False, names_only=False, paths_only=True, topological_graph=False, topological_graph_dot=False, topological_graph_density=False, topological_graph_legend=False, topological_graph_dot_cluster=False, topological_graph_dot_include_skipped=False, verb_parser=<colcon_defaults.argument_parser.defaults.DefaultArgumentsDecorator object at 0x7f8022002140>, verb_extension=<colcon_package_information.verb.list.ListVerb object at 0x7f8022001e70>, main=<bound method ListVerb.main of <colcon_package_information.verb.list.ListVerb object at 0x7f8022001e70>>)
[0.340s] Level 1:colcon.colcon_core.package_discovery:discover_packages(colcon_meta) check parameters
[0.341s] Level 1:colcon.colcon_core.package_discovery:discover_packages(recursive) check parameters
[0.341s] Level 1:colcon.colcon_core.package_discovery:discover_packages(ignore) check parameters
[0.341s] Level 1:colcon.colcon_core.package_discovery:discover_packages(path) check parameters
[0.341s] Level 1:colcon.colcon_core.package_discovery:discover_packages(recursive) discover
[0.341s] INFO:colcon.colcon_core.package_discovery:Crawling recursively for packages in '/home/toyat/Documents/MIT/Arcturus/moos-ivp-arcturus'
[0.341s] Level 1:colcon.colcon_core.package_identification:_identify(/home/toyat/Documents/MIT/Arcturus/moos-ivp-arcturus) by extensions ['ignore', 'ignore_ament_install']
[0.341s] Level 1:colcon.colcon_core.package_identification:_identify(/home/toyat/Documents/MIT/Arcturus/moos-ivp-arcturus) by extension 'ignore'
[0.341s] Level 1:colcon.colcon_core.package_identification:_identify(/home/toyat/Documents/MIT/Arcturus/moos-ivp-arcturus) by extension 'ignore_ament_install'
[0.341s] Level 1:colcon.colcon_core.package_identification:_identify(/home/toyat/Documents/MIT/Arcturus/moos-ivp-arcturus) by extensions ['colcon_pkg']
[0.341s] Level 1:colcon.colcon_core.package_identification:_identify(/home/toyat/Documents/MIT/Arcturus/moos-ivp-arcturus) by extension 'colcon_pkg'
[0.341s] Level 1:colcon.colcon_core.package_identification:_identify(/home/toyat/Documents/MIT/Arcturus/moos-ivp-arcturus) by extensions ['colcon_meta']
[0.341s] Level 1:colcon.colcon_core.package_identification:_identify(/home/toyat/Documents/MIT/Arcturus/moos-ivp-arcturus) by extension 'colcon_meta'
[0.341s] Level 1:colcon.colcon_core.package_identification:_identify(/home/toyat/Documents/MIT/Arcturus/moos-ivp-arcturus) by extensions ['ros']
[0.341s] Level 1:colcon.colcon_core.package_identification:_identify(/home/toyat/Documents/MIT/Arcturus/moos-ivp-arcturus) by extension 'ros'
[0.351s] Level 1:colcon.colcon_core.package_identification:_identify(/home/toyat/Documents/MIT/Arcturus/moos-ivp-arcturus) by extensions ['cmake', 'python']
[0.351s] Level 1:colcon.colcon_core.package_identification:_identify(/home/toyat/Documents/MIT/Arcturus/moos-ivp-arcturus) by extension 'cmake'
[0.366s] Level 1:colcon.colcon_core.package_identification:_identify(/home/toyat/Documents/MIT/Arcturus/moos-ivp-arcturus) by extension 'python'
[0.366s] DEBUG:colcon.colcon_core.package_identification:Package '/home/toyat/Documents/MIT/Arcturus/moos-ivp-arcturus' with type 'cmake' and name 'IVP_EXTEND'
[0.366s] Level 1:colcon.colcon_core.package_discovery:discover_packages(recursive) using defaults
