Performing C SOURCE FILE Test CMAKE_HAVE_LIBC_PTHREAD failed with the following output:
Change Dir: /home/toyat/moos-ivp-arcturus/build/CMakeFiles/CMakeTmp

Run Build Command(s):/usr/bin/make cmTC_2838b/fast && /usr/bin/make -f CMakeFiles/cmTC_2838b.dir/build.make CMakeFiles/cmTC_2838b.dir/build
make[1]: Entering directory '/home/toyat/moos-ivp-arcturus/build/CMakeFiles/CMakeTmp'
Building C object CMakeFiles/cmTC_2838b.dir/src.c.o
/usr/bin/cc   -DCMAKE_HAVE_LIBC_PTHREAD   -o CMakeFiles/cmTC_2838b.dir/src.c.o   -c /home/toyat/moos-ivp-arcturus/build/CMakeFiles/CMakeTmp/src.c
Linking C executable cmTC_2838b
/usr/bin/cmake -E cmake_link_script CMakeFiles/cmTC_2838b.dir/link.txt --verbose=1
/usr/bin/cc  -DCMAKE_HAVE_LIBC_PTHREAD    -rdynamic CMakeFiles/cmTC_2838b.dir/src.c.o  -o cmTC_2838b 
/usr/bin/ld: CMakeFiles/cmTC_2838b.dir/src.c.o: in function `main':
src.c:(.text+0x46): undefined reference to `pthread_create'
/usr/bin/ld: src.c:(.text+0x52): undefined reference to `pthread_detach'
/usr/bin/ld: src.c:(.text+0x63): undefined reference to `pthread_join'
collect2: error: ld returned 1 exit status
make[1]: *** [CMakeFiles/cmTC_2838b.dir/build.make:87: cmTC_2838b] Error 1
make[1]: Leaving directory '/home/toyat/moos-ivp-arcturus/build/CMakeFiles/CMakeTmp'
make: *** [Makefile:121: cmTC_2838b/fast] Error 2


Source file was:
#include <pthread.h>

void* test_func(void* data)
{
  return data;
}

int main(void)
{
  pthread_t thread;
  pthread_create(&thread, NULL, test_func, NULL);
  pthread_detach(thread);
  pthread_join(thread, NULL);
  pthread_atfork(NULL, NULL, NULL);
  pthread_exit(NULL);

  return 0;
}

Performing C SOURCE FILE Test CMAKE_HAVE_LIBC_PTHREAD failed with the following output:
Change Dir: /home/toyat/moos-ivp-arcturus/build/CMakeFiles/CMakeTmp

Run Build Command(s):/usr/bin/make cmTC_b9125/fast && /usr/bin/make -f CMakeFiles/cmTC_b9125.dir/build.make CMakeFiles/cmTC_b9125.dir/build
make[1]: Entering directory '/home/toyat/moos-ivp-arcturus/build/CMakeFiles/CMakeTmp'
Building C object CMakeFiles/cmTC_b9125.dir/src.c.o
/usr/bin/cc   -DCMAKE_HAVE_LIBC_PTHREAD   -o CMakeFiles/cmTC_b9125.dir/src.c.o   -c /home/toyat/moos-ivp-arcturus/build/CMakeFiles/CMakeTmp/src.c
Linking C executable cmTC_b9125
/usr/bin/cmake -E cmake_link_script CMakeFiles/cmTC_b9125.dir/link.txt --verbose=1
/usr/bin/cc  -DCMAKE_HAVE_LIBC_PTHREAD    -rdynamic CMakeFiles/cmTC_b9125.dir/src.c.o  -o cmTC_b9125 
/usr/bin/ld: CMakeFiles/cmTC_b9125.dir/src.c.o: in function `main':
src.c:(.text+0x46): undefined reference to `pthread_create'
/usr/bin/ld: src.c:(.text+0x52): undefined reference to `pthread_detach'
/usr/bin/ld: src.c:(.text+0x63): undefined reference to `pthread_join'
collect2: error: ld returned 1 exit status
make[1]: *** [CMakeFiles/cmTC_b9125.dir/build.make:87: cmTC_b9125] Error 1
make[1]: Leaving directory '/home/toyat/moos-ivp-arcturus/build/CMakeFiles/CMakeTmp'
make: *** [Makefile:121: cmTC_b9125/fast] Error 2


Source file was:
#include <pthread.h>

void* test_func(void* data)
{
  return data;
}

int main(void)
{
  pthread_t thread;
  pthread_create(&thread, NULL, test_func, NULL);
  pthread_detach(thread);
  pthread_join(thread, NULL);
  pthread_atfork(NULL, NULL, NULL);
  pthread_exit(NULL);

  return 0;
}

Performing C SOURCE FILE Test CMAKE_HAVE_LIBC_PTHREAD failed with the following output:
Change Dir: /home/toyat/moos-ivp-arcturus/build/CMakeFiles/CMakeTmp

Run Build Command(s):/usr/bin/make cmTC_ea420/fast && /usr/bin/make -f CMakeFiles/cmTC_ea420.dir/build.make CMakeFiles/cmTC_ea420.dir/build
make[1]: Entering directory '/home/toyat/moos-ivp-arcturus/build/CMakeFiles/CMakeTmp'
Building C object CMakeFiles/cmTC_ea420.dir/src.c.o
/usr/bin/cc   -DCMAKE_HAVE_LIBC_PTHREAD   -o CMakeFiles/cmTC_ea420.dir/src.c.o   -c /home/toyat/moos-ivp-arcturus/build/CMakeFiles/CMakeTmp/src.c
Linking C executable cmTC_ea420
/usr/bin/cmake -E cmake_link_script CMakeFiles/cmTC_ea420.dir/link.txt --verbose=1
/usr/bin/cc  -DCMAKE_HAVE_LIBC_PTHREAD    -rdynamic CMakeFiles/cmTC_ea420.dir/src.c.o  -o cmTC_ea420 
/usr/bin/ld: CMakeFiles/cmTC_ea420.dir/src.c.o: in function `main':
src.c:(.text+0x46): undefined reference to `pthread_create'
/usr/bin/ld: src.c:(.text+0x52): undefined reference to `pthread_detach'
/usr/bin/ld: src.c:(.text+0x63): undefined reference to `pthread_join'
collect2: error: ld returned 1 exit status
make[1]: *** [CMakeFiles/cmTC_ea420.dir/build.make:87: cmTC_ea420] Error 1
make[1]: Leaving directory '/home/toyat/moos-ivp-arcturus/build/CMakeFiles/CMakeTmp'
make: *** [Makefile:121: cmTC_ea420/fast] Error 2


Source file was:
#include <pthread.h>

void* test_func(void* data)
{
  return data;
}

int main(void)
{
  pthread_t thread;
  pthread_create(&thread, NULL, test_func, NULL);
  pthread_detach(thread);
  pthread_join(thread, NULL);
  pthread_atfork(NULL, NULL, NULL);
  pthread_exit(NULL);

  return 0;
}

